#
# A fatal error has been detected by the Java Runtime Environment:
#
#  EXCEPTION_ACCESS_VIOLATION (0xc0000005) at pc=0x0000000065af72cb, pid=16752, tid=0x0000000000005dd8
#
# JRE version: Java(TM) SE Runtime Environment (8.0_151-b12) (build 1.8.0_151-b12)
# Java VM: Java HotSpot(TM) 64-Bit Server VM (25.151-b12 mixed mode windows-amd64 compressed oops)
# Problematic frame:
# V  [jvm.dll+0x1272cb]
#
# Failed to write core dump. Minidumps are not enabled by default on client versions of Windows
#
# If you would like to submit a bug report, please visit:
#   http://bugreport.java.com/bugreport/crash.jsp
#

---------------  T H R E A D  ---------------

Current thread (0x0000000002f30800):  JavaThread "main" [_thread_in_vm, id=24024, stack(0x0000000002d50000,0x0000000002e50000)]

siginfo: ExceptionCode=0xc0000005, reading address 0x0000000000190073

Registers:
RAX=0x0000000002e4bbf0, RBX=0x00000001005eab70, RCX=0x0000000000000006, RDX=0x0000000000000228
RSP=0x0000000002e4b890, RBP=0x0000000002e4b951, RSI=0x0000000000000000, RDI=0x0000000002f30d20
R8 =0x00000000234c66d0, R9 =0x0000000000000001, R10=0x0000000023549780, R11=0x0000000000000048
R12=0x0000000000000001, R13=0x0000000002f30800, R14=0x0000000000000001, R15=0x0000000000190073
RIP=0x0000000065af72cb, EFLAGS=0x0000000000010206

Top of Stack: (sp=0x0000000002e4b890)
0x0000000002e4b890:   0000000002f30c50 000000001b74bb40
0x0000000002e4b8a0:   0000000000000000 00000001005d5cc0
0x0000000002e4b8b0:   0000000000000000 000000002354c5d8
0x0000000002e4b8c0:   0000000002f30c60 000000000000000a
0x0000000002e4b8d0:   00000000234c6b88 0000000065af81e6
0x0000000002e4b8e0:   000000002354eb60 0000000002f30800
0x0000000002e4b8f0:   0000000000000001 000000002354c378
0x0000000002e4b900:   000000002354c5c8 00000000235450b8
0x0000000002e4b910:   0000001400000001 0000000000000000
0x0000000002e4b920:   0000000000000007 0000000002f30c80
0x0000000002e4b930:   0000000000000050 000000000000000a
0x0000000002e4b940:   0000000002f30c60 0000000065af9a00
0x0000000002e4b950:   00000000234c6b88 000000002354eb60
0x0000000002e4b960:   0000000002f30800 0000000002f30800
0x0000000002e4b970:   0000000000000001 0000000002f30800
0x0000000002e4b980:   0000000000000001 0000000000000041 

Instructions: (pc=0x0000000065af72cb)
0x0000000065af72ab:   41 56 41 57 48 8d 6c 24 e9 48 81 ec d8 00 00 00
0x0000000065af72bb:   4d 8b b8 80 01 00 00 48 8b f9 8b 0d 7d c5 68 00
0x0000000065af72cb:   49 63 37 ff 15 1c 61 4b 00 48 8d 4d d7 48 8b d0
0x0000000065af72db:   e8 30 b3 0e 00 48 8b 4d 6f e8 17 e2 ff ff 4c 8b 


Register to memory mapping:

RAX=0x0000000002e4bbf0 is pointing into the stack for thread: 0x0000000002f30800
RBX=0x00000001005eab70 is pointing into metadata
RCX=0x0000000000000006 is an unknown value
RDX=0x0000000000000228 is an unknown value
RSP=0x0000000002e4b890 is pointing into the stack for thread: 0x0000000002f30800
RBP=0x0000000002e4b951 is pointing into the stack for thread: 0x0000000002f30800
RSI=0x0000000000000000 is an unknown value
RDI=0x0000000002f30d20 is an unknown value
R8 ={method} {0x00000000234c66d8} 'setBlank' '()V' in 'org/apache/poi/ss/usermodel/Cell'
R9 =0x0000000000000001 is an unknown value
R10={method} {0x0000000023549788} 'getHyperlink' '()Lorg/apache/poi/ss/usermodel/Hyperlink;' in 'org/apache/poi/xssf/usermodel/XSSFCell'
R11=0x0000000000000048 is an unknown value
R12=0x0000000000000001 is an unknown value
R13=0x0000000002f30800 is a thread
R14=0x0000000000000001 is an unknown value
R15=0x0000000000190073 is an unknown value


Stack: [0x0000000002d50000,0x0000000002e50000],  sp=0x0000000002e4b890,  free space=1006k
Native frames: (J=compiled Java code, j=interpreted, Vv=VM code, C=native code)
V  [jvm.dll+0x1272cb]
V  [jvm.dll+0x128352]
V  [jvm.dll+0x11073d]
V  [jvm.dll+0x114e97]
V  [jvm.dll+0x115375]
V  [jvm.dll+0xbbb9d]
C  0x0000000003055327

Java frames: (J=compiled Java code, j=interpreted, Vv=VM code)
j  org.apache.poi.xssf.usermodel.XSSFRow.createCell(ILorg/apache/poi/ss/usermodel/CellType;)Lorg/apache/poi/xssf/usermodel/XSSFCell;+55
j  org.apache.poi.xssf.usermodel.XSSFRow.createCell(I)Lorg/apache/poi/xssf/usermodel/XSSFCell;+5
j  com.salesforce.qa.util.WriteToExcel.writeToExcel(Ljava/util/List;Ljava/util/List;)V+199
j  com.salesforce.qa.pages.SetUP.verifyTableData()V+286
j  com.salesforce.qa.testcases.SetUpTest.verifySetUpScenaio()V+70
v  ~StubRoutines::call_stub
J 2429  sun.reflect.NativeMethodAccessorImpl.invoke0(Ljava/lang/reflect/Method;Ljava/lang/Object;[Ljava/lang/Object;)Ljava/lang/Object; (0 bytes) @ 0x0000000003852d3f [0x0000000003852cc0+0x7f]
J 2428 C1 sun.reflect.NativeMethodAccessorImpl.invoke(Ljava/lang/Object;[Ljava/lang/Object;)Ljava/lang/Object; (104 bytes) @ 0x0000000003854364 [0x00000000038531c0+0x11a4]
J 1918 C1 sun.reflect.DelegatingMethodAccessorImpl.invoke(Ljava/lang/Object;[Ljava/lang/Object;)Ljava/lang/Object; (10 bytes) @ 0x00000000036bbe44 [0x00000000036bbd40+0x104]
J 1999 C1 java.lang.reflect.Method.invoke(Ljava/lang/Object;[Ljava/lang/Object;)Ljava/lang/Object; (62 bytes) @ 0x00000000036f456c [0x00000000036f4180+0x3ec]
j  org.testng.internal.MethodInvocationHelper.invokeMethod(Ljava/lang/reflect/Method;Ljava/lang/Object;[Ljava/lang/Object;)Ljava/lang/Object;+279
j  org.testng.internal.Invoker.invokeMethod(Ljava/lang/Object;Lorg/testng/ITestNGMethod;[Ljava/lang/Object;ILorg/testng/xml/XmlSuite;Ljava/util/Map;Lorg/testng/ITestClass;[Lorg/testng/ITestNGMethod;[Lorg/testng/ITestNGMethod;Lorg/testng/internal/ConfigurationGroupMethods;Lorg/testng/internal/Invoker$FailureContext;)Lorg/testng/ITestResult;+306
j  org.testng.internal.Invoker.invokeTestMethod(Ljava/lang/Object;Lorg/testng/ITestNGMethod;[Ljava/lang/Object;ILorg/testng/xml/XmlSuite;Ljava/util/Map;Lorg/testng/ITestClass;[Lorg/testng/ITestNGMethod;[Lorg/testng/ITestNGMethod;Lorg/testng/internal/ConfigurationGroupMethods;Lorg/testng/internal/Invoker$FailureContext;)Lorg/testng/ITestResult;+29
j  org.testng.internal.Invoker.invokeTestMethods(Lorg/testng/ITestNGMethod;Lorg/testng/xml/XmlSuite;Ljava/util/Map;Lorg/testng/internal/ConfigurationGroupMethods;Ljava/lang/Object;Lorg/testng/ITestContext;)Ljava/util/List;+757
j  org.testng.internal.TestMethodWorker.invokeTestMethods(Lorg/testng/ITestNGMethod;Ljava/lang/Object;Lorg/testng/ITestContext;)V+19
j  org.testng.internal.TestMethodWorker.run()V+60
j  org.testng.TestRunner.privateRun(Lorg/testng/xml/XmlTest;)V+298
j  org.testng.TestRunner.run()V+25
j  org.testng.SuiteRunner.runTest(Lorg/testng/TestRunner;)V+1
j  org.testng.SuiteRunner.runSequentially()V+31
j  org.testng.SuiteRunner.privateRun()V+288
j  org.testng.SuiteRunner.run()V+6
j  org.testng.SuiteRunnerWorker.runSuite(Lorg/testng/internal/SuiteRunnerMap;Lorg/testng/xml/XmlSuite;)V+89
j  org.testng.SuiteRunnerWorker.run()V+12
j  org.testng.TestNG.runSuitesSequentially(Lorg/testng/xml/XmlSuite;Lorg/testng/internal/SuiteRunnerMap;ILjava/lang/String;)V+66
j  org.testng.TestNG.runSuitesLocally()Ljava/util/List;+143
j  org.testng.TestNG.runSuites()Ljava/util/List;+1
j  org.testng.TestNG.run()V+45
j  org.apache.maven.surefire.testng.TestNGExecutor.run(Ljava/util/List;Ljava/lang/String;Ljava/util/Map;Lorg/apache/maven/surefire/report/RunListener;Lorg/apache/maven/surefire/testng/TestNgTestSuite;Ljava/io/File;)V+55
j  org.apache.maven.surefire.testng.TestNGXmlTestSuite.execute(Lorg/apache/maven/surefire/report/ReporterFactory;)V+54
j  org.apache.maven.surefire.testng.TestNGProvider.invoke(Ljava/lang/Object;)Lorg/apache/maven/surefire/suite/RunResult;+60
v  ~StubRoutines::call_stub
J 2429  sun.reflect.NativeMethodAccessorImpl.invoke0(Ljava/lang/reflect/Method;Ljava/lang/Object;[Ljava/lang/Object;)Ljava/lang/Object; (0 bytes) @ 0x0000000003852d3f [0x0000000003852cc0+0x7f]
J 2428 C1 sun.reflect.NativeMethodAccessorImpl.invoke(Ljava/lang/Object;[Ljava/lang/Object;)Ljava/lang/Object; (104 bytes) @ 0x0000000003854364 [0x00000000038531c0+0x11a4]
J 1918 C1 sun.reflect.DelegatingMethodAccessorImpl.invoke(Ljava/lang/Object;[Ljava/lang/Object;)Ljava/lang/Object; (10 bytes) @ 0x00000000036bbe44 [0x00000000036bbd40+0x104]
J 1999 C1 java.lang.reflect.Method.invoke(Ljava/lang/Object;[Ljava/lang/Object;)Ljava/lang/Object; (62 bytes) @ 0x00000000036f456c [0x00000000036f4180+0x3ec]
j  org.apache.maven.surefire.util.ReflectionUtils.invokeMethodWithArray2(Ljava/lang/Object;Ljava/lang/reflect/Method;[Ljava/lang/Object;)Ljava/lang/Object;+3
j  org.apache.maven.surefire.booter.ProviderFactory$ProviderProxy.invoke(Ljava/lang/Object;)Lorg/apache/maven/surefire/suite/RunResult;+38
j  org.apache.maven.surefire.booter.ProviderFactory.invokeProvider(Ljava/lang/Object;Ljava/lang/ClassLoader;Ljava/lang/Object;Lorg/apache/maven/surefire/booter/ProviderConfiguration;ZLorg/apache/maven/surefire/booter/StartupConfiguration;Z)Lorg/apache/maven/surefire/suite/RunResult;+36
j  org.apache.maven.plugin.surefire.InPluginVMSurefireStarter.runSuitesInProcess(Lorg/apache/maven/surefire/util/DefaultScanResult;)Lorg/apache/maven/surefire/suite/RunResult;+66
j  org.apache.maven.plugin.surefire.AbstractSurefireMojo.executeProvider(Lorg/apache/maven/plugin/surefire/ProviderInfo;Lorg/apache/maven/surefire/util/DefaultScanResult;)Lorg/apache/maven/surefire/suite/RunResult;+71
j  org.apache.maven.plugin.surefire.AbstractSurefireMojo.executeAfterPreconditionsChecked(Lorg/apache/maven/surefire/util/DefaultScanResult;)V+47
j  org.apache.maven.plugin.surefire.AbstractSurefireMojo.execute()V+69
j  org.apache.maven.plugin.DefaultBuildPluginManager.executeMojo(Lorg/apache/maven/execution/MavenSession;Lorg/apache/maven/plugin/MojoExecution;)V+155
j  org.apache.maven.lifecycle.internal.MojoExecutor.execute(Lorg/apache/maven/execution/MavenSession;Lorg/apache/maven/plugin/MojoExecution;Lorg/apache/maven/lifecycle/internal/ProjectIndex;Lorg/apache/maven/lifecycle/internal/DependencyContext;)V+220
j  org.apache.maven.lifecycle.internal.MojoExecutor.execute(Lorg/apache/maven/execution/MavenSession;Lorg/apache/maven/plugin/MojoExecution;Lorg/apache/maven/lifecycle/internal/ProjectIndex;Lorg/apache/maven/lifecycle/internal/DependencyContext;Lorg/apache/maven/lifecycle/internal/PhaseRecorder;)V+6
j  org.apache.maven.lifecycle.internal.MojoExecutor.execute(Lorg/apache/maven/execution/MavenSession;Ljava/util/List;Lorg/apache/maven/lifecycle/internal/ProjectIndex;)V+60
j  org.apache.maven.lifecycle.internal.LifecycleModuleBuilder.buildProject(Lorg/apache/maven/execution/MavenSession;Lorg/apache/maven/execution/MavenSession;Lorg/apache/maven/lifecycle/internal/ReactorContext;Lorg/apache/maven/project/MavenProject;Lorg/apache/maven/lifecycle/internal/TaskSegment;)V+180
j  org.apache.maven.lifecycle.internal.LifecycleModuleBuilder.buildProject(Lorg/apache/maven/execution/MavenSession;Lorg/apache/maven/lifecycle/internal/ReactorContext;Lorg/apache/maven/project/MavenProject;Lorg/apache/maven/lifecycle/internal/TaskSegment;)V+7
j  org.apache.maven.lifecycle.internal.builder.singlethreaded.SingleThreadedBuilder.build(Lorg/apache/maven/execution/MavenSession;Lorg/apache/maven/lifecycle/internal/ReactorContext;Lorg/apache/maven/lifecycle/internal/ProjectBuildList;Ljava/util/List;Lorg/apache/maven/lifecycle/internal/ReactorBuildStatus;)V+77
j  org.apache.maven.lifecycle.internal.LifecycleStarter.execute(Lorg/apache/maven/execution/MavenSession;)V+353
j  org.apache.maven.DefaultMaven.doExecute(Lorg/apache/maven/execution/MavenExecutionRequest;Lorg/apache/maven/execution/MavenSession;Lorg/apache/maven/execution/MavenExecutionResult;Lorg/eclipse/aether/DefaultRepositorySystemSession;)Lorg/apache/maven/execution/MavenExecutionResult;+414
j  org.apache.maven.DefaultMaven.doExecute(Lorg/apache/maven/execution/MavenExecutionRequest;)Lorg/apache/maven/execution/MavenExecutionResult;+99
j  org.apache.maven.DefaultMaven.execute(Lorg/apache/maven/execution/MavenExecutionRequest;)Lorg/apache/maven/execution/MavenExecutionResult;+2
j  org.apache.maven.cli.MavenCli.execute(Lorg/apache/maven/cli/CliRequest;)I+27
j  org.apache.maven.cli.MavenCli.doMain(Lorg/apache/maven/cli/CliRequest;)I+66
j  org.apache.maven.cli.MavenCli.main([Ljava/lang/String;Lorg/codehaus/plexus/classworlds/ClassWorld;)I+18
v  ~StubRoutines::call_stub
j  sun.reflect.NativeMethodAccessorImpl.invoke0(Ljava/lang/reflect/Method;Ljava/lang/Object;[Ljava/lang/Object;)Ljava/lang/Object;+0
j  sun.reflect.NativeMethodAccessorImpl.invoke(Ljava/lang/Object;[Ljava/lang/Object;)Ljava/lang/Object;+100
j  sun.reflect.DelegatingMethodAccessorImpl.invoke(Ljava/lang/Object;[Ljava/lang/Object;)Ljava/lang/Object;+6
j  java.lang.reflect.Method.invoke(Ljava/lang/Object;[Ljava/lang/Object;)Ljava/lang/Object;+56
j  org.codehaus.plexus.classworlds.launcher.Launcher.launchEnhanced([Ljava/lang/String;)V+45
j  org.codehaus.plexus.classworlds.launcher.Launcher.launch([Ljava/lang/String;)V+2
j  org.codehaus.plexus.classworlds.launcher.Launcher.mainWithExitCode([Ljava/lang/String;)I+101
j  org.codehaus.plexus.classworlds.launcher.Launcher.main([Ljava/lang/String;)V+1
v  ~StubRoutines::call_stub

---------------  P R O C E S S  ---------------

Java Threads: ( => current thread )
  0x000000001792c800 JavaThread "ForkJoinPool.commonPool-worker-2" daemon [_thread_blocked, id=23608, stack(0x00000000011e0000,0x00000000012e0000)]
  0x000000001792d800 JavaThread "ForkJoinPool.commonPool-worker-1" daemon [_thread_blocked, id=5188, stack(0x00000000012e0000,0x00000000013e0000)]
  0x000000001792c000 JavaThread "AsyncHttpClient-3-3" [_thread_in_native, id=16180, stack(0x0000000021f70000,0x0000000022070000)]
  0x000000001792f000 JavaThread "AsyncHttpClient-3-2" [_thread_in_native, id=23384, stack(0x000000001f950000,0x000000001fa50000)]
  0x000000001792a800 JavaThread "AsyncHttpClient-3-1" [_thread_in_native, id=15956, stack(0x000000001fc50000,0x000000001fd50000)]
  0x000000001792b000 JavaThread "Exec Stream Pumper" daemon [_thread_in_native, id=11140, stack(0x000000001f650000,0x000000001f750000)]
  0x0000000017931000 JavaThread "Exec Stream Pumper" daemon [_thread_in_native, id=25064, stack(0x000000001f550000,0x000000001f650000)]
  0x0000000016f70800 JavaThread "Exec Default Executor" daemon [_thread_in_native, id=1364, stack(0x000000001f250000,0x000000001f350000)]
  0x00000000183a1000 JavaThread "AsyncHttpClient-timer-1-1" [_thread_blocked, id=24020, stack(0x000000001ed50000,0x000000001ee50000)]
  0x0000000017987800 JavaThread "resolver-5" daemon [_thread_blocked, id=1556, stack(0x000000001e010000,0x000000001e110000)]
  0x0000000019585800 JavaThread "resolver-4" daemon [_thread_blocked, id=24432, stack(0x000000001df10000,0x000000001e010000)]
  0x0000000018284800 JavaThread "resolver-3" daemon [_thread_blocked, id=16260, stack(0x000000001de10000,0x000000001df10000)]
  0x0000000018350000 JavaThread "resolver-2" daemon [_thread_blocked, id=20652, stack(0x000000001dd10000,0x000000001de10000)]
  0x000000001796a000 JavaThread "resolver-1" daemon [_thread_blocked, id=25500, stack(0x000000001dc10000,0x000000001dd10000)]
  0x0000000016f41800 JavaThread "Service Thread" daemon [_thread_blocked, id=1056, stack(0x0000000017320000,0x0000000017420000)]
  0x00000000155db800 JavaThread "C1 CompilerThread2" daemon [_thread_blocked, id=23760, stack(0x0000000016e20000,0x0000000016f20000)]
  0x00000000155d6000 JavaThread "C2 CompilerThread1" daemon [_thread_blocked, id=21836, stack(0x0000000016d20000,0x0000000016e20000)]
  0x00000000155cf000 JavaThread "C2 CompilerThread0" daemon [_thread_blocked, id=13516, stack(0x0000000016c20000,0x0000000016d20000)]
  0x00000000155cb000 JavaThread "Attach Listener" daemon [_thread_blocked, id=17188, stack(0x0000000016b20000,0x0000000016c20000)]
  0x00000000155c9800 JavaThread "Signal Dispatcher" daemon [_thread_blocked, id=19944, stack(0x0000000016a20000,0x0000000016b20000)]
  0x00000000155b8800 JavaThread "Finalizer" daemon [_thread_blocked, id=6676, stack(0x0000000016820000,0x0000000016920000)]
  0x0000000003021000 JavaThread "Reference Handler" daemon [_thread_blocked, id=23708, stack(0x0000000016720000,0x0000000016820000)]
=>0x0000000002f30800 JavaThread "main" [_thread_in_vm, id=24024, stack(0x0000000002d50000,0x0000000002e50000)]

Other Threads:
  0x0000000015597000 VMThread [stack: 0x0000000016620000,0x0000000016720000] [id=19076]
  0x0000000016f76000 WatcherThread [stack: 0x0000000017420000,0x0000000017520000] [id=9332]

VM state:not at safepoint (normal execution)

VM Mutex/Monitor currently owned by a thread: None

Heap:
 PSYoungGen      total 291328K, used 74386K [0x00000000eb580000, 0x00000000fe500000, 0x0000000100000000)
  eden space 276480K, 23% used [0x00000000eb580000,0x00000000ef53b5e0,0x00000000fc380000)
  from space 14848K, 61% used [0x00000000fd200000,0x00000000fdae94c8,0x00000000fe080000)
  to   space 14848K, 0% used [0x00000000fc380000,0x00000000fc380000,0x00000000fd200000)
 ParOldGen       total 62464K, used 47764K [0x00000000c2000000, 0x00000000c5d00000, 0x00000000eb580000)
  object space 62464K, 76% used [0x00000000c2000000,0x00000000c4ea5198,0x00000000c5d00000)
 Metaspace       used 47428K, capacity 48846K, committed 49152K, reserved 1091584K
  class space    used 5709K, capacity 6070K, committed 6144K, reserved 1048576K

Card table byte_map: [0x00000000123f0000,0x00000000125f0000] byte_map_base: 0x0000000011de0000

Marking Bits: (ParMarkBitMap*) 0x00000000661ed850
 Begin Bits: [0x0000000012b40000, 0x0000000013ac0000)
 End Bits:   [0x0000000013ac0000, 0x0000000014a40000)

Polling page: 0x0000000001540000

CodeCache: size=245760Kb used=21044Kb max_used=21044Kb free=224715Kb
 bounds [0x0000000003030000, 0x00000000044d0000, 0x0000000012030000]
 total_blobs=7106 nmethods=6560 adapters=456
 compilation: enabled

Compilation events (10 events):
Event: 127.833 Thread 0x00000000155db800 7575       3       org.apache.xmlbeans.impl.store.Cur::isRoot (45 bytes)
Event: 127.833 Thread 0x00000000155db800 nmethod 7575 0x00000000044bb390 code [0x00000000044bb540, 0x00000000044bbc08]
Event: 127.839 Thread 0x00000000155db800 7577       3       org.apache.xmlbeans.impl.schema.SchemaTypeSystemImpl$XsbReader::readPropertyData (266 bytes)
Event: 127.850 Thread 0x00000000155db800 nmethod 7577 0x00000000044c41d0 code [0x00000000044c4ae0, 0x00000000044ca498]
Event: 127.850 Thread 0x00000000155db800 7576       3       org.apache.xmlbeans.impl.schema.SchemaTypeSystemImpl$XsbReader::readSOAPArrayType (26 bytes)
Event: 127.852 Thread 0x00000000155db800 nmethod 7576 0x00000000044c2b50 code [0x00000000044c2da0, 0x00000000044c3ad8]
Event: 127.852 Thread 0x00000000155db800 7578       3       org.apache.xmlbeans.impl.schema.SchemaPropertyImpl::setName (10 bytes)
Event: 127.853 Thread 0x00000000155db800 nmethod 7578 0x00000000044bc190 code [0x00000000044bc300, 0x00000000044bc5c8]
Event: 127.855 Thread 0x00000000155db800 7579       1       org.apache.xmlbeans.impl.schema.SchemaTypeImpl::getName (5 bytes)
Event: 127.855 Thread 0x00000000155db800 nmethod 7579 0x00000000044bb0d0 code [0x00000000044bb220, 0x00000000044bb330]

GC Heap History (10 events):
Event: 9.802 GC heap before
{Heap before GC invocations=10 (full 1):
 PSYoungGen      total 135680K, used 6839K [0x00000000eb580000, 0x00000000f8e80000, 0x0000000100000000)
  eden space 120832K, 0% used [0x00000000eb580000,0x00000000eb580000,0x00000000f2b80000)
  from space 14848K, 46% used [0x00000000f2b80000,0x00000000f322de60,0x00000000f3a00000)
  to   space 14336K, 0% used [0x00000000f8080000,0x00000000f8080000,0x00000000f8e80000)
 ParOldGen       total 42496K, used 23284K [0x00000000c2000000, 0x00000000c4980000, 0x00000000eb580000)
  object space 42496K, 54% used [0x00000000c2000000,0x00000000c36bd198,0x00000000c4980000)
 Metaspace       used 20766K, capacity 21152K, committed 21296K, reserved 1069056K
  class space    used 2485K, capacity 2618K, committed 2688K, reserved 1048576K
Event: 9.955 GC heap after
Heap after GC invocations=10 (full 1):
 PSYoungGen      total 135680K, used 0K [0x00000000eb580000, 0x00000000f8e80000, 0x0000000100000000)
  eden space 120832K, 0% used [0x00000000eb580000,0x00000000eb580000,0x00000000f2b80000)
  from space 14848K, 0% used [0x00000000f2b80000,0x00000000f2b80000,0x00000000f3a00000)
  to   space 14336K, 0% used [0x00000000f8080000,0x00000000f8080000,0x00000000f8e80000)
 ParOldGen       total 47616K, used 21598K [0x00000000c2000000, 0x00000000c4e80000, 0x00000000eb580000)
  object space 47616K, 45% used [0x00000000c2000000,0x00000000c3517bd0,0x00000000c4e80000)
 Metaspace       used 20766K, capacity 21152K, committed 21296K, reserved 1069056K
  class space    used 2485K, capacity 2618K, committed 2688K, reserved 1048576K
}
Event: 13.821 GC heap before
{Heap before GC invocations=11 (full 1):
 PSYoungGen      total 135680K, used 120832K [0x00000000eb580000, 0x00000000f8e80000, 0x0000000100000000)
  eden space 120832K, 100% used [0x00000000eb580000,0x00000000f2b80000,0x00000000f2b80000)
  from space 14848K, 0% used [0x00000000f2b80000,0x00000000f2b80000,0x00000000f3a00000)
  to   space 14336K, 0% used [0x00000000f8080000,0x00000000f8080000,0x00000000f8e80000)
 ParOldGen       total 47616K, used 21598K [0x00000000c2000000, 0x00000000c4e80000, 0x00000000eb580000)
  object space 47616K, 45% used [0x00000000c2000000,0x00000000c3517bd0,0x00000000c4e80000)
 Metaspace       used 23807K, capacity 24436K, committed 24704K, reserved 1071104K
  class space    used 2735K, capacity 2895K, committed 2944K, reserved 1048576K
Event: 13.844 GC heap after
Heap after GC invocations=11 (full 1):
 PSYoungGen      total 196608K, used 12738K [0x00000000eb580000, 0x00000000f8d00000, 0x0000000100000000)
  eden space 183808K, 0% used [0x00000000eb580000,0x00000000eb580000,0x00000000f6900000)
  from space 12800K, 99% used [0x00000000f8080000,0x00000000f8cf0a20,0x00000000f8d00000)
  to   space 15872K, 0% used [0x00000000f6e00000,0x00000000f6e00000,0x00000000f7d80000)
 ParOldGen       total 47616K, used 21606K [0x00000000c2000000, 0x00000000c4e80000, 0x00000000eb580000)
  object space 47616K, 45% used [0x00000000c2000000,0x00000000c3519bd0,0x00000000c4e80000)
 Metaspace       used 23807K, capacity 24436K, committed 24704K, reserved 1071104K
  class space    used 2735K, capacity 2895K, committed 2944K, reserved 1048576K
}
Event: 16.925 GC heap before
{Heap before GC invocations=12 (full 1):
 PSYoungGen      total 196608K, used 67226K [0x00000000eb580000, 0x00000000f8d00000, 0x0000000100000000)
  eden space 183808K, 29% used [0x00000000eb580000,0x00000000eeab60d8,0x00000000f6900000)
  from space 12800K, 99% used [0x00000000f8080000,0x00000000f8cf0a20,0x00000000f8d00000)
  to   space 15872K, 0% used [0x00000000f6e00000,0x00000000f6e00000,0x00000000f7d80000)
 ParOldGen       total 47616K, used 21606K [0x00000000c2000000, 0x00000000c4e80000, 0x00000000eb580000)
  object space 47616K, 45% used [0x00000000c2000000,0x00000000c3519bd0,0x00000000c4e80000)
 Metaspace       used 34387K, capacity 35212K, committed 35456K, reserved 1081344K
  class space    used 3918K, capacity 4175K, committed 4224K, reserved 1048576K
Event: 16.962 GC heap after
Heap after GC invocations=12 (full 1):
 PSYoungGen      total 204800K, used 7856K [0x00000000eb580000, 0x00000000fe080000, 0x0000000100000000)
  eden space 188928K, 0% used [0x00000000eb580000,0x00000000eb580000,0x00000000f6e00000)
  from space 15872K, 49% used [0x00000000f6e00000,0x00000000f75ac360,0x00000000f7d80000)
  to   space 14848K, 0% used [0x00000000fd200000,0x00000000fd200000,0x00000000fe080000)
 ParOldGen       total 47616K, used 31582K [0x00000000c2000000, 0x00000000c4e80000, 0x00000000eb580000)
  object space 47616K, 66% used [0x00000000c2000000,0x00000000c3ed7868,0x00000000c4e80000)
 Metaspace       used 34387K, capacity 35212K, committed 35456K, reserved 1081344K
  class space    used 3918K, capacity 4175K, committed 4224K, reserved 1048576K
}
Event: 16.962 GC heap before
{Heap before GC invocations=13 (full 2):
 PSYoungGen      total 204800K, used 7856K [0x00000000eb580000, 0x00000000fe080000, 0x0000000100000000)
  eden space 188928K, 0% used [0x00000000eb580000,0x00000000eb580000,0x00000000f6e00000)
  from space 15872K, 49% used [0x00000000f6e00000,0x00000000f75ac360,0x00000000f7d80000)
  to   space 14848K, 0% used [0x00000000fd200000,0x00000000fd200000,0x00000000fe080000)
 ParOldGen       total 47616K, used 31582K [0x00000000c2000000, 0x00000000c4e80000, 0x00000000eb580000)
  object space 47616K, 66% used [0x00000000c2000000,0x00000000c3ed7868,0x00000000c4e80000)
 Metaspace       used 34387K, capacity 35212K, committed 35456K, reserved 1081344K
  class space    used 3918K, capacity 4175K, committed 4224K, reserved 1048576K
Event: 17.047 GC heap after
Heap after GC invocations=13 (full 2):
 PSYoungGen      total 204800K, used 0K [0x00000000eb580000, 0x00000000fe080000, 0x0000000100000000)
  eden space 188928K, 0% used [0x00000000eb580000,0x00000000eb580000,0x00000000f6e00000)
  from space 15872K, 0% used [0x00000000f6e00000,0x00000000f6e00000,0x00000000f7d80000)
  to   space 14848K, 0% used [0x00000000fd200000,0x00000000fd200000,0x00000000fe080000)
 ParOldGen       total 62464K, used 31356K [0x00000000c2000000, 0x00000000c5d00000, 0x00000000eb580000)
  object space 62464K, 50% used [0x00000000c2000000,0x00000000c3e9f188,0x00000000c5d00000)
 Metaspace       used 33716K, capacity 34460K, committed 35456K, reserved 1081344K
  class space    used 3847K, capacity 4095K, committed 4224K, reserved 1048576K
}
Event: 122.934 GC heap before
{Heap before GC invocations=14 (full 2):
 PSYoungGen      total 204800K, used 188928K [0x00000000eb580000, 0x00000000fe080000, 0x0000000100000000)
  eden space 188928K, 100% used [0x00000000eb580000,0x00000000f6e00000,0x00000000f6e00000)
  from space 15872K, 0% used [0x00000000f6e00000,0x00000000f6e00000,0x00000000f7d80000)
  to   space 14848K, 0% used [0x00000000fd200000,0x00000000fd200000,0x00000000fe080000)
 ParOldGen       total 62464K, used 31356K [0x00000000c2000000, 0x00000000c5d00000, 0x00000000eb580000)
  object space 62464K, 50% used [0x00000000c2000000,0x00000000c3e9f188,0x00000000c5d00000)
 Metaspace       used 43063K, capacity 44520K, committed 44672K, reserved 1089536K
  class space    used 5094K, capacity 5461K, committed 5504K, reserved 1048576K
Event: 122.977 GC heap after
Heap after GC invocations=14 (full 2):
 PSYoungGen      total 291328K, used 9125K [0x00000000eb580000, 0x00000000fe500000, 0x0000000100000000)
  eden space 276480K, 0% used [0x00000000eb580000,0x00000000eb580000,0x00000000fc380000)
  from space 14848K, 61% used [0x00000000fd200000,0x00000000fdae94c8,0x00000000fe080000)
  to   space 14848K, 0% used [0x00000000fc380000,0x00000000fc380000,0x00000000fd200000)
 ParOldGen       total 62464K, used 47764K [0x00000000c2000000, 0x00000000c5d00000, 0x00000000eb580000)
  object space 62464K, 76% used [0x00000000c2000000,0x00000000c4ea5198,0x00000000c5d00000)
 Metaspace       used 43063K, capacity 44520K, committed 44672K, reserved 1089536K
  class space    used 5094K, capacity 5461K, committed 5504K, reserved 1048576K
}

Deoptimization events (10 events):
Event: 126.887 Thread 0x0000000002f30800 Uncommon trap: reason=null_check action=make_not_entrant pc=0x0000000003aaf094 method=sun.misc.URLClassPath$JarLoader.getResource(Ljava/lang/String;ZLjava/util/Set;)Lsun/misc/Resource; @ 92
Event: 126.903 Thread 0x0000000002f30800 Uncommon trap: reason=unstable_if action=reinterpret pc=0x0000000003915d98 method=java.util.Properties.loadConvert([CII[C)Ljava/lang/String; @ 57
Event: 126.929 Thread 0x0000000002f30800 Uncommon trap: reason=unstable_if action=reinterpret pc=0x00000000041f3870 method=java.util.regex.Matcher.appendReplacement(Ljava/lang/StringBuffer;Ljava/lang/String;)Ljava/util/regex/Matcher; @ 47
Event: 126.943 Thread 0x0000000002f30800 Uncommon trap: reason=unstable_if action=reinterpret pc=0x000000000364a50c method=java.lang.reflect.Field.get(Ljava/lang/Object;)Ljava/lang/Object; @ 4
Event: 127.105 Thread 0x0000000002f30800 Uncommon trap: reason=unstable_if action=reinterpret pc=0x000000000447f720 method=org.apache.xmlbeans.impl.schema.SchemaTypeSystemImpl$StringPool.stringForCode(I)Ljava/lang/String; @ 1
Event: 127.139 Thread 0x0000000002f30800 Uncommon trap: reason=unstable_if action=reinterpret pc=0x0000000003830b08 method=java.lang.ThreadLocal$ThreadLocalMap.getEntry(Ljava/lang/ThreadLocal;)Ljava/lang/ThreadLocal$ThreadLocalMap$Entry; @ 29
Event: 127.239 Thread 0x0000000002f30800 Uncommon trap: reason=bimorphic action=maybe_recompile pc=0x00000000043c58f8 method=java.util.Collections$UnmodifiableCollection.contains(Ljava/lang/Object;)Z @ 5
Event: 127.239 Thread 0x0000000002f30800 Uncommon trap: reason=bimorphic action=maybe_recompile pc=0x00000000043c58f8 method=java.util.Collections$UnmodifiableCollection.contains(Ljava/lang/Object;)Z @ 5
Event: 127.240 Thread 0x0000000002f30800 Uncommon trap: reason=bimorphic action=maybe_recompile pc=0x00000000043c58f8 method=java.util.Collections$UnmodifiableCollection.contains(Ljava/lang/Object;)Z @ 5
Event: 127.240 Thread 0x0000000002f30800 Uncommon trap: reason=bimorphic action=maybe_recompile pc=0x00000000043c58f8 method=java.util.Collections$UnmodifiableCollection.contains(Ljava/lang/Object;)Z @ 5

Internal exceptions (10 events):
Event: 126.902 Thread 0x0000000002f30800 Exception <a 'java/security/PrivilegedActionException'> (0x00000000eda1ea98) thrown at [C:\re\workspace\8-2-build-windows-amd64-cygwin\jdk8u151\9699\hotspot\src\share\vm\prims\jvm.cpp, line 1390]
Event: 126.902 Thread 0x0000000002f30800 Exception <a 'java/security/PrivilegedActionException'> (0x00000000eda1f260) thrown at [C:\re\workspace\8-2-build-windows-amd64-cygwin\jdk8u151\9699\hotspot\src\share\vm\prims\jvm.cpp, line 1390]
Event: 126.905 Thread 0x0000000002f30800 Exception <a 'java/security/PrivilegedActionException'> (0x00000000eda3e538) thrown at [C:\re\workspace\8-2-build-windows-amd64-cygwin\jdk8u151\9699\hotspot\src\share\vm\prims\jvm.cpp, line 1390]
Event: 126.905 Thread 0x0000000002f30800 Exception <a 'java/security/PrivilegedActionException'> (0x00000000eda3ed00) thrown at [C:\re\workspace\8-2-build-windows-amd64-cygwin\jdk8u151\9699\hotspot\src\share\vm\prims\jvm.cpp, line 1390]
Event: 126.906 Thread 0x0000000002f30800 Exception <a 'java/security/PrivilegedActionException'> (0x00000000eda4b828) thrown at [C:\re\workspace\8-2-build-windows-amd64-cygwin\jdk8u151\9699\hotspot\src\share\vm\prims\jvm.cpp, line 1390]
Event: 126.906 Thread 0x0000000002f30800 Exception <a 'java/security/PrivilegedActionException'> (0x00000000eda4bff0) thrown at [C:\re\workspace\8-2-build-windows-amd64-cygwin\jdk8u151\9699\hotspot\src\share\vm\prims\jvm.cpp, line 1390]
Event: 126.907 Thread 0x0000000002f30800 Exception <a 'java/security/PrivilegedActionException'> (0x00000000eda58360) thrown at [C:\re\workspace\8-2-build-windows-amd64-cygwin\jdk8u151\9699\hotspot\src\share\vm\prims\jvm.cpp, line 1390]
Event: 126.907 Thread 0x0000000002f30800 Exception <a 'java/security/PrivilegedActionException'> (0x00000000eda58b28) thrown at [C:\re\workspace\8-2-build-windows-amd64-cygwin\jdk8u151\9699\hotspot\src\share\vm\prims\jvm.cpp, line 1390]
Event: 126.907 Thread 0x0000000002f30800 Exception <a 'java/security/PrivilegedActionException'> (0x00000000eda65c58) thrown at [C:\re\workspace\8-2-build-windows-amd64-cygwin\jdk8u151\9699\hotspot\src\share\vm\prims\jvm.cpp, line 1390]
Event: 126.907 Thread 0x0000000002f30800 Exception <a 'java/security/PrivilegedActionException'> (0x00000000eda66420) thrown at [C:\re\workspace\8-2-build-windows-amd64-cygwin\jdk8u151\9699\hotspot\src\share\vm\prims\jvm.cpp, line 1390]

Events (10 events):
Event: 127.855 loading class org/openxmlformats/schemas/spreadsheetml/x2006/main/impl/CTCellImpl
Event: 127.855 loading class org/openxmlformats/schemas/spreadsheetml/x2006/main/impl/CTCellImpl done
Event: 127.859 loading class org/openxmlformats/schemas/spreadsheetml/x2006/main/STCellType$Enum
Event: 127.859 loading class org/openxmlformats/schemas/spreadsheetml/x2006/main/STCellType$Enum done
Event: 127.860 loading class org/apache/poi/xssf/usermodel/XSSFCell
Event: 127.860 loading class org/apache/poi/xssf/usermodel/XSSFCell done
Event: 127.863 loading class org/apache/poi/ss/formula/FormulaParsingWorkbook
Event: 127.863 loading class org/apache/poi/ss/formula/FormulaParsingWorkbook done
Event: 127.864 loading class org/apache/poi/ss/formula/FormulaRenderingWorkbook
Event: 127.864 loading class org/apache/poi/ss/formula/FormulaRenderingWorkbook done


Dynamic libraries:
0x00007ff66ceb0000 - 0x00007ff66cee7000 	C:\Program Files\Java\jdk1.8.0_151\bin\javaw.exe
0x00007ffa6ae10000 - 0x00007ffa6b006000 	C:\WINDOWS\SYSTEM32\ntdll.dll
0x00007ffa69940000 - 0x00007ffa699fd000 	C:\WINDOWS\System32\KERNEL32.DLL
0x00007ffa68bb0000 - 0x00007ffa68e78000 	C:\WINDOWS\System32\KERNELBASE.dll
0x00007ffa6a100000 - 0x00007ffa6a1aa000 	C:\WINDOWS\System32\ADVAPI32.dll
0x00007ffa698a0000 - 0x00007ffa6993e000 	C:\WINDOWS\System32\msvcrt.dll
0x00007ffa6ac50000 - 0x00007ffa6aceb000 	C:\WINDOWS\System32\sechost.dll
0x00007ffa6a880000 - 0x00007ffa6a9a4000 	C:\WINDOWS\System32\RPCRT4.dll
0x00007ffa6a1b0000 - 0x00007ffa6a350000 	C:\WINDOWS\System32\USER32.dll
0x00007ffa68b20000 - 0x00007ffa68b42000 	C:\WINDOWS\System32\win32u.dll
0x00007ffa6a350000 - 0x00007ffa6a37a000 	C:\WINDOWS\System32\GDI32.dll
0x00007ffa68860000 - 0x00007ffa68969000 	C:\WINDOWS\System32\gdi32full.dll
0x00007ffa68560000 - 0x00007ffa685fd000 	C:\WINDOWS\System32\msvcp_win.dll
0x00007ffa68970000 - 0x00007ffa68a70000 	C:\WINDOWS\System32\ucrtbase.dll
0x00007ffa4fb50000 - 0x00007ffa4fdeb000 	C:\WINDOWS\WinSxS\amd64_microsoft.windows.common-controls_6595b64144ccf1df_6.0.19041.488_none_ca04af081b815d21\COMCTL32.dll
0x00007ffa6a9c0000 - 0x00007ffa6a9f0000 	C:\WINDOWS\System32\IMM32.DLL
0x0000000065720000 - 0x00000000657f2000 	C:\Program Files\Java\jdk1.8.0_151\jre\bin\msvcr100.dll
0x00000000659d0000 - 0x000000006626d000 	C:\Program Files\Java\jdk1.8.0_151\jre\bin\server\jvm.dll
0x00007ffa69ac0000 - 0x00007ffa69ac8000 	C:\WINDOWS\System32\PSAPI.DLL
0x00007ffa65400000 - 0x00007ffa65409000 	C:\WINDOWS\SYSTEM32\WSOCK32.dll
0x00007ffa69f60000 - 0x00007ffa69fcb000 	C:\WINDOWS\System32\WS2_32.dll
0x00007ffa50a40000 - 0x00007ffa50a67000 	C:\WINDOWS\SYSTEM32\WINMM.dll
0x00007ffa61b00000 - 0x00007ffa61b0a000 	C:\WINDOWS\SYSTEM32\VERSION.dll
0x00000000658e0000 - 0x00000000658ef000 	C:\Program Files\Java\jdk1.8.0_151\jre\bin\verify.dll
0x00000000658b0000 - 0x00000000658d9000 	C:\Program Files\Java\jdk1.8.0_151\jre\bin\java.dll
0x0000000065890000 - 0x00000000658a6000 	C:\Program Files\Java\jdk1.8.0_151\jre\bin\zip.dll
0x00007ffa690b0000 - 0x00007ffa697f0000 	C:\WINDOWS\System32\SHELL32.dll
0x00007ffa662f0000 - 0x00007ffa66a84000 	C:\WINDOWS\SYSTEM32\windows.storage.dll
0x00007ffa69ad0000 - 0x00007ffa69e25000 	C:\WINDOWS\System32\combase.dll
0x00007ffa67fd0000 - 0x00007ffa67ffc000 	C:\WINDOWS\SYSTEM32\Wldp.dll
0x00007ffa697f0000 - 0x00007ffa6989e000 	C:\WINDOWS\System32\SHCORE.dll
0x00007ffa69a00000 - 0x00007ffa69a55000 	C:\WINDOWS\System32\shlwapi.dll
0x00007ffa68490000 - 0x00007ffa684b6000 	C:\WINDOWS\SYSTEM32\profapi.dll
0x0000000065870000 - 0x000000006588a000 	C:\Program Files\Java\jdk1.8.0_151\jre\bin\net.dll
0x00007ffa67d50000 - 0x00007ffa67dba000 	C:\WINDOWS\system32\mswsock.dll
0x0000000065850000 - 0x0000000065861000 	C:\Program Files\Java\jdk1.8.0_151\jre\bin\nio.dll
0x00007ffa67f20000 - 0x00007ffa67f38000 	C:\WINDOWS\SYSTEM32\CRYPTSP.dll
0x00007ffa67670000 - 0x00007ffa676a4000 	C:\WINDOWS\system32\rsaenh.dll
0x00007ffa68600000 - 0x00007ffa68627000 	C:\WINDOWS\System32\bcrypt.dll
0x00007ffa68450000 - 0x00007ffa6847e000 	C:\WINDOWS\SYSTEM32\USERENV.dll
0x00007ffa68630000 - 0x00007ffa686af000 	C:\WINDOWS\System32\bcryptprimitives.dll
0x00007ffa67f40000 - 0x00007ffa67f4c000 	C:\WINDOWS\SYSTEM32\CRYPTBASE.dll
0x00007ffa679f0000 - 0x00007ffa67a2b000 	C:\WINDOWS\SYSTEM32\IPHLPAPI.DLL
0x00007ffa68e80000 - 0x00007ffa68e89000 	C:\WINDOWS\System32\NSI.dll
0x00007ffa65df0000 - 0x00007ffa65e07000 	C:\WINDOWS\SYSTEM32\dhcpcsvc6.DLL
0x00007ffa65dd0000 - 0x00007ffa65ded000 	C:\WINDOWS\SYSTEM32\dhcpcsvc.DLL
0x00007ffa67a30000 - 0x00007ffa67afb000 	C:\WINDOWS\SYSTEM32\DNSAPI.dll
0x00007ffa63430000 - 0x00007ffa63447000 	C:\WINDOWS\system32\napinsp.dll
0x00007ffa62dc0000 - 0x00007ffa62ddb000 	C:\WINDOWS\system32\pnrpnsp.dll
0x00007ffa40590000 - 0x00007ffa405a5000 	C:\WINDOWS\system32\wshbth.dll
0x00007ffa63760000 - 0x00007ffa6377d000 	C:\WINDOWS\system32\NLAapi.dll
0x00007ffa520c0000 - 0x00007ffa520d2000 	C:\WINDOWS\System32\winrnr.dll
0x00007ffa50680000 - 0x00007ffa5068a000 	C:\Windows\System32\rasadhlp.dll
0x00007ffa508c0000 - 0x00007ffa5093f000 	C:\WINDOWS\System32\fwpuclnt.dll
0x0000000065820000 - 0x0000000065844000 	C:\Program Files\Java\jdk1.8.0_151\jre\bin\sunec.dll
0x0000000065800000 - 0x000000006580b000 	C:\Program Files\Java\jdk1.8.0_151\jre\bin\sunmscapi.dll
0x00007ffa686b0000 - 0x00007ffa6880d000 	C:\WINDOWS\System32\CRYPT32.dll
0x0000000065810000 - 0x000000006581d000 	C:\Program Files\Java\jdk1.8.0_151\jre\bin\management.dll
0x00007ffa66e00000 - 0x00007ffa66fe4000 	C:\WINDOWS\SYSTEM32\dbghelp.dll

VM Arguments:
jvm_args: -Dmaven.home=EMBEDDED -Dclassworlds.conf=E:\Testing Framework\POM_gitNew\.metadata\.plugins\org.eclipse.m2e.launching\launches\m2conf4916897785710784924.tmp -Dmaven.multiModuleProjectDirectory=E:\Testing Framework\POM_git_code\Selenium_GitRepo\salesforce -Dfile.encoding=Cp1252 
java_command: org.codehaus.plexus.classworlds.launcher.Launcher -B -U clean install
java_class_path (initial): /E:/Software/eclipse-jee-neon-3-win32-x86_64 (1)/eclipse/plugins/org.eclipse.m2e.maven.runtime_1.7.0.20160603-1931/jars/plexus-classworlds-2.5.2.jar
Launcher Type: SUN_STANDARD

Environment Variables:
PATH=C:/Program Files/Java/jdk1.8.0_151/bin/../jre/bin/server;C:/Program Files/Java/jdk1.8.0_151/bin/../jre/bin;C:/Program Files/Java/jdk1.8.0_151/bin/../jre/lib/amd64;C:\WINDOWS\system32;C:\WINDOWS;C:\WINDOWS\System32\Wbem;C:\WINDOWS\System32\WindowsPowerShell\v1.0\;C:\WINDOWS\System32\OpenSSH\;C:\Program Files\Java\jdk1.8.0_151\bin;%USERPROFILE%\AppData\Local\Microsoft\WindowsApps;;E:\Software\eclipse-jee-neon-3-win32-x86_64 (1)\eclipse;
USERNAME=saif2
OS=Windows_NT
PROCESSOR_IDENTIFIER=Intel64 Family 6 Model 142 Stepping 9, GenuineIntel



---------------  S Y S T E M  ---------------

OS: Windows 10.0 , 64 bit Build 19041 (10.0.19041.546)

CPU:total 4 (initial active 4) (2 cores per cpu, 2 threads per core) family 6 model 142 stepping 9, cmov, cx8, fxsr, mmx, sse, sse2, sse3, ssse3, sse4.1, sse4.2, popcnt, avx, avx2, aes, clmul, erms, 3dnowpref, lzcnt, ht, tsc, tscinvbit, bmi1, bmi2, adx

Memory: 4k page, physical 4060068k(379256k free), swap 8679720k(1250608k free)

vm_info: Java HotSpot(TM) 64-Bit Server VM (25.151-b12) for windows-amd64 JRE (1.8.0_151-b12), built on Sep  5 2017 19:33:46 by "java_re" with MS VC++ 10.0 (VS2010)

time: Tue Oct 20 23:10:46 2020
elapsed time: 128 seconds (0d 0h 2m 8s)

